#
# There is insufficient memory for the Java Runtime Environment to continue.
# Native memory allocation (mmap) failed to map 257949696 bytes. Error detail: G1 virtual space
# Possible reasons:
#   The system is out of physical RAM or swap space
#   This process is running with CompressedOops enabled, and the Java Heap may be blocking the growth of the native heap
# Possible solutions:
#   Reduce memory load on the system
#   Increase physical memory or swap space
#   Check if swap backing store is full
#   Decrease Java heap size (-Xmx/-Xms)
#   Decrease number of Java threads
#   Decrease Java thread stack sizes (-Xss)
#   Set larger code cache with -XX:ReservedCodeCacheSize=
#   JVM is running with Zero Based Compressed Oops mode in which the Java heap is
#     placed in the first 32GB address space. The Java Heap base address is the
#     maximum limit for the native heap growth. Please use -XX:HeapBaseMinAddress
#     to set the Java Heap base and to place the Java Heap above 32GB virtual address.
# This output file may be truncated or incomplete.
#
#  Out of Memory Error (os_windows.cpp:3828), pid=11820, tid=7708
#
# JRE version:  (21.0.4+13) (build )
# Java VM: OpenJDK 64-Bit Server VM (21.0.4+13-b509.17, mixed mode, sharing, tiered, compressed oops, compressed class ptrs, g1 gc, windows-amd64)
# No core dump will be written. Minidumps are not enabled by default on client versions of Windows
#

---------------  S U M M A R Y ------------

Command Line: git4idea.http.GitAskPassApp Username for 'https://github.com': 

Host: AMD Ryzen 7 4800H with Radeon Graphics         , 16 cores, 15G,  Windows 11 , 64 bit Build 22621 (10.0.22621.3958)
Time: Sat Oct 19 22:53:28 2024 SE Asia Standard Time elapsed time: 0.559239 seconds (0d 0h 0m 0s)

---------------  T H R E A D  ---------------

Current thread (0x000001b6e7cd1f60):  JavaThread "Unknown thread" [_thread_in_vm, id=7708, stack(0x0000005dd4100000,0x0000005dd4200000) (1024K)]

Stack: [0x0000005dd4100000,0x0000005dd4200000]
Native frames: (J=compiled Java code, j=interpreted, Vv=VM code, C=native code)
V  [jvm.dll+0x6e36d9]
V  [jvm.dll+0x8c0bd3]
V  [jvm.dll+0x8c312e]
V  [jvm.dll+0x8c3813]
V  [jvm.dll+0x288256]
V  [jvm.dll+0x6dfe65]
V  [jvm.dll+0x6d433a]
V  [jvm.dll+0x36209b]
V  [jvm.dll+0x369c46]
V  [jvm.dll+0x3bbd76]
V  [jvm.dll+0x3bc048]
V  [jvm.dll+0x33485c]
V  [jvm.dll+0x33554b]
V  [jvm.dll+0x888039]
V  [jvm.dll+0x3c8ea8]
V  [jvm.dll+0x8711d8]
V  [jvm.dll+0x45d85e]
V  [jvm.dll+0x45f541]
C  [jli.dll+0x52ab]
C  [ucrtbase.dll+0x29333]
C  [KERNEL32.DLL+0x1257d]
C  [ntdll.dll+0x5af08]


---------------  P R O C E S S  ---------------

Threads class SMR info:
_java_thread_list=0x00007ffb32cf2108, length=0, elements={
}

Java Threads: ( => current thread )
Total: 0

Other Threads:
  0x000001b6e9ff1e50 WorkerThread "GC Thread#0"                     [id=6312, stack(0x0000005dd4200000,0x0000005dd4300000) (1024K)]
  0x000001b6ea0024f0 ConcurrentGCThread "G1 Main Marker"            [id=31864, stack(0x0000005dd4300000,0x0000005dd4400000) (1024K)]
  0x000001b6ea0036a0 WorkerThread "G1 Conc#0"                       [id=32624, stack(0x0000005dd4400000,0x0000005dd4500000) (1024K)]

[error occurred during error reporting (printing all threads), id 0xc0000005, EXCEPTION_ACCESS_VIOLATION (0xc0000005) at pc=0x00007ffb323e7917]
VM state: not at safepoint (not fully initialized)

VM Mutex/Monitor currently owned by a thread:  ([mutex/lock_event])
[0x00007ffb32d66a48] Heap_lock - owner thread: 0x000001b6e7cd1f60

Heap address: 0x000000070a000000, size: 3936 MB, Compressed Oops mode: Zero based, Oop shift amount: 3

CDS archive(s) mapped at: [0x0000000000000000-0x0000000000000000-0x0000000000000000), size 0, SharedBaseAddress: 0x0000000800000000, ArchiveRelocationMode: 1.
Narrow klass base: 0x0000000000000000, Narrow klass shift: 0, Narrow klass range: 0x0

GC Precious Log:
 CardTable entry size: 512
 Card Set container configuration: InlinePtr #cards 4 size 8 Array Of Cards #cards 16 size 48 Howl #buckets 8 coarsen threshold 3686 Howl Bitmap #cards 512 size 80 coarsen threshold 460 Card regions per heap region 1 cards per card region 4096

Heap:
 garbage-first heap   total 0K, used 0K [0x000000070a000000, 0x0000000800000000)
  region size 2048K, 0 young (0K), 0 survivors (0K)
 Metaspace       used 0K, committed 0K, reserved 0K
  class space    used 0K, committed 0K, reserved 0K

Heap Regions: E=young(eden), S=young(survivor), O=old, HS=humongous(starts), HC=humongous(continues), CS=collection set, F=free, TAMS=top-at-mark-start, PB=parsable bottom

Card table byte_map: [0x000001b6fded0000,0x000001b6fe680000] _byte_map_base: 0x000001b6fa680000

Marking Bits: (CMBitMap*) 0x000001b6e9ff2460
 Bits: [0x000001b680000000, 0x000001b683d80000)

GC Heap History (0 events):
No events

Dll operation events (1 events):
Event: 0.032 Loaded shared library C:\Users\Ojan\AppData\Local\Programs\PhpStorm\jbr\bin\java.dll

Deoptimization events (0 events):
No events

Classes loaded (0 events):
No events

Classes unloaded (0 events):
No events

Classes redefined (0 events):
No events

Internal exceptions (0 events):
No events

ZGC Phase Switch (0 events):
No events

VM Operations (0 events):
No events

Memory protections (0 events):
No events

Nmethod flushes (0 events):
No events

Events (0 events):
No events


Dynamic libraries:
0x00007ff74fae0000 - 0x00007ff74faea000 	C:\Users\Ojan\AppData\Local\Programs\PhpStorm\jbr\bin\java.exe
0x00007ffbb3bb0000 - 0x00007ffbb3dc7000 	C:\Windows\SYSTEM32\ntdll.dll
0x00007ffbb18e0000 - 0x00007ffbb19a4000 	C:\Windows\System32\KERNEL32.DLL
0x00007ffbb1040000 - 0x00007ffbb13f7000 	C:\Windows\System32\KERNELBASE.dll
0x00007ffbb17c0000 - 0x00007ffbb18d1000 	C:\Windows\System32\ucrtbase.dll
0x00007ffbad6a0000 - 0x00007ffbad6b8000 	C:\Users\Ojan\AppData\Local\Programs\PhpStorm\jbr\bin\jli.dll
0x00007ffbab9c0000 - 0x00007ffbab9db000 	C:\Users\Ojan\AppData\Local\Programs\PhpStorm\jbr\bin\VCRUNTIME140.dll
0x00007ffbb1c60000 - 0x00007ffbb1e0f000 	C:\Windows\System32\USER32.dll
0x00007ffb94260000 - 0x00007ffb944f3000 	C:\Windows\WinSxS\amd64_microsoft.windows.common-controls_6595b64144ccf1df_6.0.22621.3672_none_2713b9d173822955\COMCTL32.dll
0x00007ffbb1010000 - 0x00007ffbb1036000 	C:\Windows\System32\win32u.dll
0x00007ffbb38c0000 - 0x00007ffbb3967000 	C:\Windows\System32\msvcrt.dll
0x00007ffbb3660000 - 0x00007ffbb3689000 	C:\Windows\System32\GDI32.dll
0x00007ffbb0ec0000 - 0x00007ffbb0fd8000 	C:\Windows\System32\gdi32full.dll
0x00007ffbb15e0000 - 0x00007ffbb167a000 	C:\Windows\System32\msvcp_win.dll
0x00007ffbb2cb0000 - 0x00007ffbb2ce1000 	C:\Windows\System32\IMM32.DLL
0x00007ffbae0c0000 - 0x00007ffbae0cc000 	C:\Users\Ojan\AppData\Local\Programs\PhpStorm\jbr\bin\vcruntime140_1.dll
0x00007ffb63940000 - 0x00007ffb639cd000 	C:\Users\Ojan\AppData\Local\Programs\PhpStorm\jbr\bin\msvcp140.dll
0x00007ffb320a0000 - 0x00007ffb32e57000 	C:\Users\Ojan\AppData\Local\Programs\PhpStorm\jbr\bin\server\jvm.dll
0x00007ffbb27b0000 - 0x00007ffbb2862000 	C:\Windows\System32\ADVAPI32.dll
0x00007ffbb1bb0000 - 0x00007ffbb1c58000 	C:\Windows\System32\sechost.dll
0x00007ffbb0fe0000 - 0x00007ffbb1008000 	C:\Windows\System32\bcrypt.dll
0x00007ffbb1e20000 - 0x00007ffbb1f34000 	C:\Windows\System32\RPCRT4.dll
0x00007ffbb1ad0000 - 0x00007ffbb1b41000 	C:\Windows\System32\WS2_32.dll
0x00007ffbb0d90000 - 0x00007ffbb0ddd000 	C:\Windows\SYSTEM32\POWRPROF.dll
0x00007ffba90e0000 - 0x00007ffba90ea000 	C:\Windows\SYSTEM32\VERSION.dll
0x00007ffbab3f0000 - 0x00007ffbab424000 	C:\Windows\SYSTEM32\WINMM.dll
0x00007ffbb0d70000 - 0x00007ffbb0d83000 	C:\Windows\SYSTEM32\UMPDC.dll
0x00007ffbafe30000 - 0x00007ffbafe48000 	C:\Windows\SYSTEM32\kernel.appcore.dll
0x00007ffbad2d0000 - 0x00007ffbad2da000 	C:\Users\Ojan\AppData\Local\Programs\PhpStorm\jbr\bin\jimage.dll
0x00007ffba8540000 - 0x00007ffba8772000 	C:\Windows\SYSTEM32\DBGHELP.DLL
0x00007ffbb2cf0000 - 0x00007ffbb307e000 	C:\Windows\System32\combase.dll
0x00007ffbb2bc0000 - 0x00007ffbb2c97000 	C:\Windows\System32\OLEAUT32.dll
0x00007ffba46e0000 - 0x00007ffba4712000 	C:\Windows\SYSTEM32\dbgcore.DLL
0x00007ffbb1680000 - 0x00007ffbb16fb000 	C:\Windows\System32\bcryptPrimitives.dll
0x00007ffba42b0000 - 0x00007ffba42cf000 	C:\Users\Ojan\AppData\Local\Programs\PhpStorm\jbr\bin\java.dll

dbghelp: loaded successfully - version: 4.0.5 - missing functions: none
symbol engine: initialized successfully - sym options: 0x614 - pdb path: .;C:\Users\Ojan\AppData\Local\Programs\PhpStorm\jbr\bin;C:\Windows\SYSTEM32;C:\Windows\WinSxS\amd64_microsoft.windows.common-controls_6595b64144ccf1df_6.0.22621.3672_none_2713b9d173822955;C:\Users\Ojan\AppData\Local\Programs\PhpStorm\jbr\bin\server

VM Arguments:
java_command: git4idea.http.GitAskPassApp Username for 'https://github.com': 
java_class_path (initial): C:/Users/Ojan/AppData/Local/Programs/PhpStorm/plugins/vcs-git/lib/git4idea-rt.jar;C:/Users/Ojan/AppData/Local/Programs/PhpStorm/lib/externalProcess-rt.jar
Launcher Type: SUN_STANDARD

[Global flags]
     intx CICompilerCount                          = 12                                        {product} {ergonomic}
     uint ConcGCThreads                            = 3                                         {product} {ergonomic}
     uint G1ConcRefinementThreads                  = 13                                        {product} {ergonomic}
   size_t G1HeapRegionSize                         = 2097152                                   {product} {ergonomic}
    uintx GCDrainStackTargetSize                   = 64                                        {product} {ergonomic}
   size_t InitialHeapSize                          = 257949696                                 {product} {ergonomic}
   size_t MarkStackSize                            = 4194304                                   {product} {ergonomic}
   size_t MaxHeapSize                              = 4127195136                                {product} {ergonomic}
   size_t MinHeapDeltaBytes                        = 2097152                                   {product} {ergonomic}
   size_t MinHeapSize                              = 8388608                                   {product} {ergonomic}
    uintx NonNMethodCodeHeapSize                   = 7602480                                {pd product} {ergonomic}
    uintx NonProfiledCodeHeapSize                  = 122027880                              {pd product} {ergonomic}
    uintx ProfiledCodeHeapSize                     = 122027880                              {pd product} {ergonomic}
    uintx ReservedCodeCacheSize                    = 251658240                              {pd product} {ergonomic}
     bool SegmentedCodeCache                       = true                                      {product} {ergonomic}
   size_t SoftMaxHeapSize                          = 4127195136                             {manageable} {ergonomic}
     bool UseCompressedOops                        = true                           {product lp64_product} {ergonomic}
     bool UseG1GC                                  = true                                      {product} {ergonomic}
     bool UseLargePagesIndividualAllocation        = false                                  {pd product} {ergonomic}

Logging:
Log output configuration:
 #0: stdout all=warning uptime,level,tags foldmultilines=false
 #1: stderr all=off uptime,level,tags foldmultilines=false

Environment Variables:
PATH=C:\Program Files\Git\mingw64\libexec\git-core;C:\Program Files\Git\mingw64\libexec\git-core;C:\Program Files\Git\mingw64\bin;C:\Program Files\Git\usr\bin;C:\Users\Ojan\bin;C:\Program Files\Common Files\Oracle\Java\javapath;C:\Windows\system32;C:\Windows;C:\Windows\System32\Wbem;C:\Windows\System32\WindowsPowerShell\v1.0;C:\Windows\System32\OpenSSH;C:\Program Files\Git\cmd;C:\Program Files\nodejs;C:\Program Files\dotnet;C:\Program Files\PuTTY;C:\Program Files (x86)\Windows Kits\10\Windows Performance Toolkit;C:\TDM-GCC-64\bin;C:\Program Files\Graphviz\bin;C:\Program Files\CMake\bin;C:\Program Files (x86)\GnuWin32\bin;C:\Program Files\Microsoft Visual Studio\2022\Community\VC\Tools\MSVC\14.39.33519\bin\Hostx64\x64;C:\Program Files\doxygen\bin;C:\sqlite;C:\maven\bin;C:\Users\Ojan\AppData\Local\Programs\Python\Python312;C:\Program Files\MySQL\MySQL Shell 8.0\bin;C:\Users\Ojan\AppData\Local\Programs\Python\Launcher;C:\Users\Ojan\AppData\Local\Microsoft\WindowsApps;C:\Users\Ojan\AppData\Local\Programs\Microsoft VS Code\bin;C:\Users\Ojan\AppData\Roaming\npm;C:\Users\Ojan\AppData\Local\Je;C:\ProgramData\chocolatey\bin;C:\Program Files\Cloudflare\Cloudflare WARP;C:\Program Files\Docker\Docker\resources\bin;C:\Program Files\MySQL\MySQL Shell 8.0\bin;C:\Users\Ojan\AppData\Local\Programs\Python\Launcher;C:\Users\Ojan\AppData\Local\Microsoft\WindowsApps;C:\Users\Ojan\AppData\Local\Programs\Microsoft VS Code\bin;C:\Users\Ojan\AppData\Roaming\npm;C:\Users\Ojan\AppData\Local\JetBrains\Toolbox\scripts;C:\Users\Ojan\AppData\Local\GitHubDesktop\bin;C:\Program Files\Graphviz\bin;C:\Users\Ojan\.dotnet\tools;C:\Users\Ojan\AppData\Local\Programs\Azure Data Studio\bin;C:\ffmpeg\bin;C:\Program Files\OpenSSL-Win64\bin
USERNAME=Ojan
DISPLAY=:0.0
LC_ALL=en_US.UTF-8
TERM=xterm-256color
TMPDIR=C:\Users\Ojan\AppData\Local\Temp
OS=Windows_NT
PROCESSOR_IDENTIFIER=AMD64 Family 23 Model 96 Stepping 1, AuthenticAMD
TMP=C:\Users\Ojan\AppData\Local\Temp
TEMP=C:\Users\Ojan\AppData\Local\Temp




Periodic native trim disabled

JNI global refs:
JNI global refs: 0, weak refs: 0

JNI global refs memory usage: 0, weak refs: 0

Process memory usage:
Resident Set Size: 11844K (0% of 16115204K total physical memory with 1262304K free physical memory)

OOME stack traces (most recent first):
Classloader memory used:

---------------  S Y S T E M  ---------------

OS:
 Windows 11 , 64 bit Build 22621 (10.0.22621.3958)
OS uptime: 3 days 7:23 hours
Hyper-V role detected

CPU: total 16 (initial active 16) (16 cores per cpu, 2 threads per core) family 23 model 96 stepping 1 microcode 0x0, cx8, cmov, fxsr, ht, mmx, 3dnowpref, sse, sse2, sse3, ssse3, sse4a, sse4.1, sse4.2, popcnt, lzcnt, tsc, tscinvbit, avx, avx2, aes, clmul, bmi1, bmi2, adx, sha, fma, vzeroupper, clflush, clflushopt, hv, rdtscp, rdpid, f16c
Processor Information for all 16 processors :
  Max Mhz: 2900, Current Mhz: 2900, Mhz Limit: 2900

Memory: 4k page, system-wide physical 15737M (1232M free)
TotalPageFile size 32109M (AvailPageFile size 131M)
current process WorkingSet (physical memory assigned to process): 11M, peak: 11M
current process commit charge ("private bytes"): 70M, peak: 316M

vm_info: OpenJDK 64-Bit Server VM (21.0.4+13-b509.17) for windows-amd64 JRE (21.0.4+13-b509.17), built on 2024-09-04 by "builduser" with MS VC++ 16.10 / 16.11 (VS2019)

END.
